{"name": "test_create_remedial_ticket_plant_name_were_displayed", "status": "failed", "statusDetails": {"message": "AssertionError", "trace": "self = <TestCases.Package_Plant.TC_plant.Test_plant testMethod=test_create_remedial_ticket_plant_name_were_displayed>\n\n    @allure.description(\"Should display the created plant name on the plant name which is non-editable field successfully\")\n    @allure.severity(severity_level=\"CRITICAL\")\n    @pytest.mark.order(2_17)\n    def test_create_remedial_ticket_plant_name_were_displayed(self):\n        self.plant = Plant(self.driver)\n>       self.plant.validate_plant_name_in_create_remedial_ticket(\"Plant_Diamond_015\")\n\nTestCases/Package_Plant/TC_plant.py:161: \n_ _ _ _ _ _ _ _ _ _ _ _ _ _ _ _ _ _ _ _ _ _ _ _ _ _ _ _ _ _ _ _ _ _ _ _ _ _ _ _ _ _ _ _ _ _ _ _ _ _ _ _ _ _ _ _ _ _ _ _ _ _ _ _ _ _ _ _ _ _ _ _ _ _ _ _ _ _\n\nself = <page_objects.plant_module.Plant object at 0x7fe8ef3b3eb0>, plant_name = 'Plant_Diamond_015'\n\n    def validate_plant_name_in_create_remedial_ticket(self, plant_name):\n        element = self.driver.find_element(\n            By.XPATH,\n            \"(//div[contains(@class,'react-select__control react-select__control--is-disabled css-1fhf3k1-control')])[4]\",\n        )\n        # actions = ActionChains(self.driver)\n        # actions.double_click(element)\n        # actions.key_down(Keys.CONTROL).send_keys(\"a\").key_up(Keys.CONTROL).perform()\n        if element.get_attribute('value') == plant_name:\n            assert True\n        else:\n            allure.attach(self.driver.get_screenshot_as_png(),name=\"Validate_Plant_Name\",attachment_type=AttachmentType.PNG)\n            # self.driver.save_screenshot(\"Validate_Plant_Name.png\")\n>           assert False\nE           AssertionError\n\npage_objects/plant_module.py:324: AssertionError"}, "description": "Should display the created plant name on the plant name which is non-editable field successfully", "attachments": [{"name": "Validate_Plant_Name", "source": "68b98419-61ac-4ad6-9a1e-4af091e4790d-attachment.png", "type": "image/png"}], "start": 1678859906465, "stop": 1678859906677, "uuid": "9f025b29-dacf-40c1-a883-923a0570c78d", "historyId": "56e1216b83dd6774ee62a22f5a33c800", "testCaseId": "92119874133c474401f81e599cc9a78f", "fullName": "Test_Suites.test_all_module.Test_plant#test_create_remedial_ticket_plant_name_were_displayed", "labels": [{"name": "severity", "value": "CRITICAL"}, {"name": "tag", "value": "order(217)"}, {"name": "tag", "value": "@pytest.mark.usefixtures('init_driver')"}, {"name": "parentSuite", "value": "Test_Suites"}, {"name": "suite", "value": "test_all_module"}, {"name": "subSuite", "value": "Test_plant"}, {"name": "host", "value": "sujith-HP-Compaq-Elite-8300-SFF"}, {"name": "thread", "value": "19008-MainThread"}, {"name": "framework", "value": "pytest"}, {"name": "language", "value": "cpython3"}, {"name": "package", "value": "Test_Suites.test_all_module"}]}