{"name": "test_view_archived_client", "status": "failed", "statusDetails": {"message": "AssertionError", "trace": "self = <TestCases.Package_Client_02.test_client.Test_client testMethod=test_view_archived_client>\n\n    @allure.description(\"Should able to view the archived client in list view\")\n    @allure.severity(severity_level=\"CRITICAL\")\n    @pytest.mark.order(1_26)\n    def test_view_archived_client(self):\n        self.client = Client(self.driver)\n>       self.client.archived_client_listview(self.data[\"edit_name\"])\n\nTestCases/Package_Client_02/test_client.py:205: \n_ _ _ _ _ _ _ _ _ _ _ _ _ _ _ _ _ _ _ _ _ _ _ _ _ _ _ _ _ _ _ _ _ _ _ _ _ _ _ _ _ _ _ _ _ _ _ _ _ _ _ _ _ _ _ _ _ _ _ _ _ _ _ _ _ _ _ _ _ _ _ _ _ _ _ _ _ _\n\nself = <page_objects.client_module.Client object at 0x7fb8efba6380>, client_name = 'Alexis'\n\n    def archived_client_listview(self, client_name):\n        element = self.driver.find_elements(By.XPATH, '//div[@class=\"user-name\"]')\n        for x in element:\n            if x.text == client_name:\n                assert True\n                break\n            else:\n                allure.attach(self.driver.get_screenshot_as_png(),name=\"archive_client_list\",attachment_type=AttachmentType.PNG)\n                # self.driver.save_screenshot(\"archive_client_list.png\")\n>               assert False\nE               AssertionError\n\npage_objects/client_module.py:637: AssertionError"}, "description": "Should able to view the archived client in list view", "attachments": [{"name": "archive_client_list", "source": "b8ba2cd6-b245-4300-b735-eeedb9d03ffd-attachment.png", "type": "image/png"}], "start": 1678800333548, "stop": 1678800333922, "uuid": "53be2143-2b26-4df2-a03b-5ea42dc6d433", "historyId": "f147986a5d18257f52d85c74c6f63a46", "testCaseId": "13610a3c7e25ddaa6133c51c8fecd9e7", "fullName": "Test_Suites.test_all_module.Test_client#test_view_archived_client", "labels": [{"name": "severity", "value": "CRITICAL"}, {"name": "tag", "value": "order(126)"}, {"name": "tag", "value": "@pytest.mark.usefixtures('init_driver')"}, {"name": "parentSuite", "value": "Test_Suites"}, {"name": "suite", "value": "test_all_module"}, {"name": "subSuite", "value": "Test_client"}, {"name": "host", "value": "sujith-HP-Compaq-Elite-8300-SFF"}, {"name": "thread", "value": "23539-MainThread"}, {"name": "framework", "value": "pytest"}, {"name": "language", "value": "cpython3"}, {"name": "package", "value": "Test_Suites.test_all_module"}]}