{"name": "test_archived_ticket_in_list_view", "status": "failed", "statusDetails": {"message": "AssertionError", "trace": "self = <TestCases.Package_maintenance.test_corrective_maintenance.Test_Corrective testMethod=test_archived_ticket_in_list_view>\n\n    @pytest.mark.order(3_17)\n    def test_archived_ticket_in_list_view(self):\n        self.corrective = corrective_maintenance(self.driver)\n>       self.corrective.view_archived_ticket_in_list_view(\"Test_ticket_corrective\")\n\nTestCases/Package_maintenance/test_corrective_maintenance.py:130: \n_ _ _ _ _ _ _ _ _ _ _ _ _ _ _ _ _ _ _ _ _ _ _ _ _ _ _ _ _ _ _ _ _ _ _ _ _ _ _ _ _ _ _ _ _ _ _ _ _ _ _ _ _ _ _ _ _ _ _ _ _ _ _ _ _ _ _ _ _ _ _ _ _ _ _ _ _ _\n\nself = <page_objects.corrective_maintenance.corrective_maintenance object at 0x7fd057f35b70>, corrective_ticket = 'Test_ticket_corrective'\n\n    def view_archived_ticket_in_list_view(self,corrective_ticket):\n        element = self.driver.find_elements(By.XPATH,'//div[@class=\"user-name\"]')\n        for x in element:\n            if x.text == corrective_ticket:\n                assert True\n                break\n            else:\n                allure.attach(self.driver.get_screenshot_as_png(),name=\"archive_corrective_ticket_list\",attachment_type=AttachmentType.PNG)\n                # self.driver.save_screenshot(\"archive_corrective_ticket_list.png\")\n>               assert False\nE               AssertionError\n\npage_objects/corrective_maintenance.py:429: AssertionError"}, "attachments": [{"name": "archive_corrective_ticket_list", "source": "dd2abd9f-a979-437b-83e9-3dd6cfad40d9-attachment.png", "type": "image/png"}], "start": 1678801351241, "stop": 1678801351700, "uuid": "46f1f592-9904-4ecf-8f3e-8aa990d2e505", "historyId": "a6acf86453eb4454e87cb05e9281a1bd", "testCaseId": "9b479cc8a490a56202958492c2b8383e", "fullName": "Test_Suites.test_all_module.Test_Corrective#test_archived_ticket_in_list_view", "labels": [{"name": "tag", "value": "order(317)"}, {"name": "tag", "value": "@pytest.mark.usefixtures('init_driver')"}, {"name": "parentSuite", "value": "Test_Suites"}, {"name": "suite", "value": "test_all_module"}, {"name": "subSuite", "value": "Test_Corrective"}, {"name": "host", "value": "sujith-HP-Compaq-Elite-8300-SFF"}, {"name": "thread", "value": "27332-MainThread"}, {"name": "framework", "value": "pytest"}, {"name": "language", "value": "cpython3"}, {"name": "package", "value": "Test_Suites.test_all_module"}]}