{"name": "test_view_archived_list_view", "status": "failed", "statusDetails": {"message": "AssertionError", "trace": "self = <TestCases.Package_Plant.TC_plant.Test_plant testMethod=test_view_archived_list_view>\n\n    @allure.description(\"Should able to view the archived plant in list view\")\n    @allure.severity(severity_level=\"CRITICAL\")\n    @pytest.mark.order(2_25)\n    def test_view_archived_list_view(self):\n        self.plant = Plant(self.driver)\n>       self.plant.archived_plant_listview(\"Plant_Diamond_015\")\n\nTestCases/Package_Plant/TC_plant.py:223: \n_ _ _ _ _ _ _ _ _ _ _ _ _ _ _ _ _ _ _ _ _ _ _ _ _ _ _ _ _ _ _ _ _ _ _ _ _ _ _ _ _ _ _ _ _ _ _ _ _ _ _ _ _ _ _ _ _ _ _ _ _ _ _ _ _ _ _ _ _ _ _ _ _ _ _ _ _ _\n\nself = <page_objects.plant_module.Plant object at 0x7f09459c6c20>, plant_name = 'Plant_Diamond_015'\n\n    def archived_plant_listview(self, plant_name):\n        element = self.driver.find_elements(By.XPATH, '//div[@class=\"user-name\"]')\n        for x in element:\n            if x.text == plant_name:\n                assert True\n                break\n            else:\n                allure.attach(self.driver.get_screenshot_as_png(),name=\"archive_plant_list\",attachment_type=AttachmentType.PNG)\n                # self.driver.save_screenshot(\"archive_client_list.png\")\n>               assert False\nE               AssertionError\n\npage_objects/plant_module.py:425: AssertionError"}, "description": "Should able to view the archived plant in list view", "attachments": [{"name": "archive_plant_list", "source": "0fdb5399-8a67-46a0-8f67-0225a95fb278-attachment.png", "type": "image/png"}], "start": 1678866284274, "stop": 1678866284631, "uuid": "54b2962a-6870-48a0-b40a-85036971038b", "historyId": "d4b476f293bab0c16d5489ca67a38009", "testCaseId": "00c025c946988b94b7dca552ea81be7e", "fullName": "Test_Suites.test_all_module.Test_plant#test_view_archived_list_view", "labels": [{"name": "severity", "value": "CRITICAL"}, {"name": "tag", "value": "order(225)"}, {"name": "tag", "value": "@pytest.mark.usefixtures('init_driver')"}, {"name": "parentSuite", "value": "Test_Suites"}, {"name": "suite", "value": "test_all_module"}, {"name": "subSuite", "value": "Test_plant"}, {"name": "host", "value": "sujith-HP-Compaq-Elite-8300-SFF"}, {"name": "thread", "value": "30490-MainThread"}, {"name": "framework", "value": "pytest"}, {"name": "language", "value": "cpython3"}, {"name": "package", "value": "Test_Suites.test_all_module"}]}